# JRE version: Java(TM) SE Runtime Environment (17.0.12+8) (build 17.0.12+8-LTS-286)
# Java VM: Java HotSpot(TM) 64-Bit Server VM (17.0.12+8-LTS-286, mixed mode, emulated-client, sharing, tiered, compressed oops, compressed class ptrs, g1 gc, windows-amd64)
GC Precious Log:
 CPUs: 14 total, 14 available
 Memory: 7644M
 Large Page Support: Disabled
 NUMA Support: Disabled
 Compressed Oops: Enabled (32-bit)
 Heap Region Size: 1M
 Heap Min Capacity: 8M
 Heap Initial Capacity: 120M
 Heap Max Capacity: 1912M
 Pre-touch: Disabled
 Parallel Workers: 11
 Concurrent Workers: 3
 Concurrent Refinement Workers: 11
 Periodic GC: Disabled
Heap:
 garbage-first heap   total 286720K, used 144024K [0x0000000088800000, 0x0000000100000000)
  region size 1024K, 4 young (4096K), 4 survivors (4096K)
 Metaspace       used 71808K, committed 72512K, reserved 1114112K
  class space    used 10768K, committed 11072K, reserved 1048576K
GC Heap History (20 events):
Event: 19.676 GC heap after
{Heap after GC invocations=27 (full 0):
 garbage-first heap   total 169984K, used 89759K [0x0000000088800000, 0x0000000100000000)
  region size 1024K, 8 young (8192K), 8 survivors (8192K)
 Metaspace       used 71550K, committed 72192K, reserved 1114112K
  class space    used 10646K, committed 10944K, reserved 1048576K
}
Event: 19.837 GC heap before
{Heap before GC invocations=27 (full 0):
 garbage-first heap   total 169984K, used 124575K [0x0000000088800000, 0x0000000100000000)
  region size 1024K, 42 young (43008K), 8 survivors (8192K)
 Metaspace       used 71551K, committed 72192K, reserved 1114112K
  class space    used 10646K, committed 10944K, reserved 1048576K
}
Event: 19.844 GC heap after
{Heap after GC invocations=28 (full 0):
 garbage-first heap   total 169984K, used 95232K [0x0000000088800000, 0x0000000100000000)
  region size 1024K, 4 young (4096K), 4 survivors (4096K)
 Metaspace       used 71551K, committed 72192K, reserved 1114112K
  class space    used 10646K, committed 10944K, reserved 1048576K
}
Event: 19.990 GC heap before
{Heap before GC invocations=29 (full 0):
 garbage-first heap   total 169984K, used 121856K [0x0000000088800000, 0x0000000100000000)
  region size 1024K, 38 young (38912K), 4 survivors (4096K)
 Metaspace       used 71551K, committed 72192K, reserved 1114112K
  class space    used 10646K, committed 10944K, reserved 1048576K
}
Event: 19.994 GC heap after
{Heap after GC invocations=30 (full 0):
 garbage-first heap   total 169984K, used 88976K [0x0000000088800000, 0x0000000100000000)
  region size 1024K, 5 young (5120K), 5 survivors (5120K)
 Metaspace       used 71551K, committed 72192K, reserved 1114112K
  class space    used 10646K, committed 10944K, reserved 1048576K
}
Event: 20.007 GC heap before
{Heap before GC invocations=30 (full 0):
 garbage-first heap   total 169984K, used 92048K [0x0000000088800000, 0x0000000100000000)
  region size 1024K, 8 young (8192K), 5 survivors (5120K)
 Metaspace       used 71551K, committed 72192K, reserved 1114112K
  class space    used 10646K, committed 10944K, reserved 1048576K
}
Event: 20.009 GC heap after
{Heap after GC invocations=31 (full 0):
 garbage-first heap   total 169984K, used 81332K [0x0000000088800000, 0x0000000100000000)
  region size 1024K, 1 young (1024K), 1 survivors (1024K)
 Metaspace       used 71551K, committed 72192K, reserved 1114112K
  class space    used 10646K, committed 10944K, reserved 1048576K
}
Event: 20.179 GC heap before
{Heap before GC invocations=31 (full 0):
 garbage-first heap   total 169984K, used 125364K [0x0000000088800000, 0x0000000100000000)
  region size 1024K, 44 young (45056K), 1 survivors (1024K)
 Metaspace       used 71617K, committed 72256K, reserved 1114112K
  class space    used 10673K, committed 10944K, reserved 1048576K
}
Event: 20.184 GC heap after
{Heap after GC invocations=32 (full 0):
 garbage-first heap   total 286720K, used 85595K [0x0000000088800000, 0x0000000100000000)
  region size 1024K, 5 young (5120K), 5 survivors (5120K)
 Metaspace       used 71617K, committed 72256K, reserved 1114112K
  class space    used 10673K, committed 10944K, reserved 1048576K
}
Event: 20.908 GC heap before
{Heap before GC invocations=33 (full 0):
 garbage-first heap   total 286720K, used 195163K [0x0000000088800000, 0x0000000100000000)
  region size 1024K, 116 young (118784K), 5 survivors (5120K)
 Metaspace       used 71619K, committed 72256K, reserved 1114112K
  class space    used 10674K, committed 10944K, reserved 1048576K
}
Event: 20.918 GC heap after
{Heap after GC invocations=34 (full 0):
 garbage-first heap   total 286720K, used 84201K [0x0000000088800000, 0x0000000100000000)
  region size 1024K, 8 young (8192K), 8 survivors (8192K)
 Metaspace       used 71619K, committed 72256K, reserved 1114112K
  class space    used 10674K, committed 10944K, reserved 1048576K
}
Event: 20.937 GC heap before
{Heap before GC invocations=34 (full 0):
 garbage-first heap   total 286720K, used 90345K [0x0000000088800000, 0x0000000100000000)
  region size 1024K, 14 young (14336K), 8 survivors (8192K)
 Metaspace       used 71619K, committed 72256K, reserved 1114112K
  class space    used 10674K, committed 10944K, reserved 1048576K
}
Event: 20.945 GC heap after
{Heap after GC invocations=35 (full 0):
 garbage-first heap   total 286720K, used 67493K [0x0000000088800000, 0x0000000100000000)
  region size 1024K, 2 young (2048K), 2 survivors (2048K)
 Metaspace       used 71619K, committed 72256K, reserved 1114112K
  class space    used 10674K, committed 10944K, reserved 1048576K
}
Event: 21.622 GC heap before
{Heap before GC invocations=35 (full 0):
 garbage-first heap   total 286720K, used 223141K [0x0000000088800000, 0x0000000100000000)
  region size 1024K, 152 young (155648K), 2 survivors (2048K)
 Metaspace       used 71634K, committed 72384K, reserved 1114112K
  class space    used 10676K, committed 11008K, reserved 1048576K
}
Event: 21.653 GC heap after
{Heap after GC invocations=36 (full 0):
 garbage-first heap   total 286720K, used 121225K [0x0000000088800000, 0x0000000100000000)
  region size 1024K, 19 young (19456K), 19 survivors (19456K)
 Metaspace       used 71634K, committed 72384K, reserved 1114112K
  class space    used 10676K, committed 11008K, reserved 1048576K
}
Event: 22.152 GC heap before
{Heap before GC invocations=36 (full 0):
 garbage-first heap   total 286720K, used 210313K [0x0000000088800000, 0x0000000100000000)
  region size 1024K, 104 young (106496K), 19 survivors (19456K)
 Metaspace       used 71652K, committed 72384K, reserved 1114112K
  class space    used 10681K, committed 11008K, reserved 1048576K
}
Event: 22.170 GC heap after
{Heap after GC invocations=37 (full 0):
 garbage-first heap   total 286720K, used 139264K [0x0000000088800000, 0x0000000100000000)
  region size 1024K, 13 young (13312K), 13 survivors (13312K)
 Metaspace       used 71652K, committed 72384K, reserved 1114112K
  class space    used 10681K, committed 11008K, reserved 1048576K
}
Event: 22.412 GC heap before
{Heap before GC invocations=37 (full 0):
 garbage-first heap   total 286720K, used 215040K [0x0000000088800000, 0x0000000100000000)
  region size 1024K, 87 young (89088K), 13 survivors (13312K)
 Metaspace       used 71654K, committed 72384K, reserved 1114112K
  class space    used 10681K, committed 11008K, reserved 1048576K
}
Event: 22.420 GC heap after
{Heap after GC invocations=38 (full 0):
 garbage-first heap   total 286720K, used 144032K [0x0000000088800000, 0x0000000100000000)
  region size 1024K, 4 young (4096K), 4 survivors (4096K)
 Metaspace       used 71654K, committed 72384K, reserved 1114112K
  class space    used 10681K, committed 11008K, reserved 1048576K
}
Event: 22.609 GC heap before
{Heap before GC invocations=38 (full 0):
 garbage-first heap   total 286720K, used 221856K [0x0000000088800000, 0x0000000100000000)
  region size 1024K, 80 young (81920K), 4 survivors (4096K)
 Metaspace       used 71808K, committed 72512K, reserved 1114112K
  class space    used 10768K, committed 11072K, reserved 1048576K
}

